<?xml version="1.0" encoding="UTF-8"?>
<!-- Generated by org.testng.reporters.JUnitXMLReporter -->
<testsuite hostname="SumitLenovo" ignored="0" name="SFDC Test" tests="1" failures="1" timestamp="03 Aug 2020 05:18:13 GMT" time="67.175" errors="0">
  <testcase name="feature" time="66.802" classname="MyRunner.TestRunner">
    <failure type="java.lang.NullPointerException">
      <![CDATA[java.lang.NullPointerException
at com.google.common.base.Preconditions.checkNotNull(Preconditions.java:882)
at org.openqa.selenium.support.ui.FluentWait.<init>(FluentWait.java:104)
at org.openqa.selenium.support.ui.WebDriverWait.<init>(WebDriverWait.java:71)
at org.openqa.selenium.support.ui.WebDriverWait.<init>(WebDriverWait.java:45)
at Baseclass.Testbase.checkForElementVisibility(Testbase.java:96)
at Baseclass.Testbase.enterText(Testbase.java:87)
at stepDefinitions.LoginStepDefinition.user_enters_username_and_password(LoginStepDefinition.java:37)
at ✽.user enters username and password(./resources/Features/login.feature:21)
]]>
    </failure>
  </testcase> <!-- feature -->
</testsuite> <!-- SFDC Test -->
